<?xml version="1.0" encoding="UTF-8"?>
<!-- Generated by org.testng.reporters.JUnitXMLReporter -->
<testsuite hostname="pavan_gowda" ignored="1" name="Auto_firefox" tests="1" failures="0" timestamp="07 Nov 2020 18:18:56 GMT" time="27.262" errors="0">
  <testcase name="LoginQuote" time="0.231" classname="com.sample.testPackage.LoginReg"/>
  <testcase name="LoginQuote_1" time="0.0" classname="com.sample.testPackage.LoginReg">
    <ignored/>
  </testcase> <!-- LoginQuote_1 -->
</testsuite> <!-- Auto_firefox -->
