<?xml version="1.0" encoding="UTF-8"?>
<!-- Generated by org.testng.reporters.JUnitXMLReporter -->
<testsuite hostname="pavan_gowda" ignored="1" name="Autochrome1" tests="1" failures="1" timestamp="09 Nov 2020 19:52:59 GMT" time="39.144" errors="0">
  <testcase name="E2E_AutoNBTransaction_Negative" time="14.649" classname="com.sample.testPackage.LoginReg">
    <failure type="java.lang.AssertionError" message="expected [true] but found [false]">
      <![CDATA[java.lang.AssertionError: expected [true] but found [false]
at com.sample.testPackage.LoginReg.E2E_AutoNBTransaction_Negative(LoginReg.java:80)
at java.util.concurrent.FutureTask.run(FutureTask.java:266)
at java.util.concurrent.Executors$RunnableAdapter.call(Executors.java:511)
at java.util.concurrent.FutureTask.run(FutureTask.java:266)
at java.util.concurrent.ThreadPoolExecutor.runWorker(ThreadPoolExecutor.java:1149)
at java.util.concurrent.ThreadPoolExecutor$Worker.run(ThreadPoolExecutor.java:624)
at java.lang.Thread.run(Thread.java:748)
... Removed 13 stack frames]]>
    </failure>
  </testcase> <!-- E2E_AutoNBTransaction_Negative -->
  <testcase name="E2E_AutoNBTransaction" time="0.0" classname="com.sample.testPackage.LoginReg">
    <ignored/>
  </testcase> <!-- E2E_AutoNBTransaction -->
</testsuite> <!-- Autochrome1 -->
