<?xml version="1.0" encoding="UTF-8"?>
<!-- Generated by org.testng.reporters.JUnitXMLReporter -->
<testsuite hostname="pavan_gowda" ignored="1" name="Autochrome2" tests="1" failures="0" timestamp="08 Nov 2020 06:39:26 GMT" time="17.499" errors="0">
  <testcase name="LoginQuote" time="6.161" classname="com.sample.testPackage.LoginReg"/>
  <testcase name="LoginQuote_1" time="0.0" classname="com.sample.testPackage.LoginReg">
    <ignored/>
  </testcase> <!-- LoginQuote_1 -->
</testsuite> <!-- Autochrome2 -->
