<?xml version="1.0" encoding="UTF-8"?>
<!-- Generated by org.testng.reporters.JUnitXMLReporter -->
<testsuite ignored="1" hostname="LAPTOP-NVTUBLVV" failures="0" tests="1" name="Autochrome" time="0.146" errors="0" timestamp="25 Jan 2021 12:21:18 GMT">
  <testcase classname="com.sample.ng.TestNGBase" name="@BeforeSuite BeforeSuite" time="32.565">
    <failure type="java.lang.NoSuchMethodError" message="&amp;apos;org.bson.diagnostics.Logger org.bson.diagnostics.Loggers.getLogger(java.lang.String)&amp;apos;">
      <![CDATA[java.lang.NoSuchMethodError: 'org.bson.diagnostics.Logger org.bson.diagnostics.Loggers.getLogger(java.lang.String)'
at org.bson.codecs.pojo.PojoCodecProvider.<clinit>(PojoCodecProvider.java:42)
at com.sample.page.element.provider.MongoElementProvider.getElementDetails(MongoElementProvider.java:128)
at com.sample.page.element.provider.MongoElementProvider.readElements(MongoElementProvider.java:87)
at com.sample.page.element.provider.MongoElementProvider.<init>(MongoElementProvider.java:69)
at com.sample.ng.TestNGBase.BeforeSuite(TestNGBase.java:104)
... Removed 20 stack frames]]>
    </failure>
  </testcase> <!-- @BeforeSuite BeforeSuite -->
  <testcase classname="com.sample.testPackage.LoginRegTest" name="E2E_AutoNBTransaction" time="0.0">
    <skipped/>
  </testcase> <!-- E2E_AutoNBTransaction -->
  <testcase classname="com.sample.testPackage.LoginRegTest" name="E2E_AutoNBTransaction_Negative" time="0.0">
    <ignored/>
  </testcase> <!-- E2E_AutoNBTransaction_Negative -->
</testsuite> <!-- Autochrome -->
