<?xml version="1.0" encoding="UTF-8"?>
<!-- Generated by org.testng.reporters.JUnitXMLReporter -->
<testsuite hostname="pavan_gowda" ignored="1" name="Auto1firefox" tests="1" failures="1" timestamp="07 Nov 2020 19:07:36 GMT" time="54.906" errors="0">
  <testcase name="LoginQuote_1" time="6.964" classname="com.sample.testPackage.LoginReg">
    <failure type="java.lang.AssertionError" message="expected [true] but found [false]">
      <![CDATA[java.lang.AssertionError: expected [true] but found [false]
at com.sample.testPackage.LoginReg.LoginQuote_1(LoginReg.java:49)
at java.util.concurrent.FutureTask.run(FutureTask.java:266)
at java.util.concurrent.ThreadPoolExecutor.runWorker(ThreadPoolExecutor.java:1149)
at java.util.concurrent.ThreadPoolExecutor$Worker.run(ThreadPoolExecutor.java:624)
at java.lang.Thread.run(Thread.java:748)
... Removed 20 stack frames]]>
    </failure>
  </testcase> <!-- LoginQuote_1 -->
  <testcase name="LoginQuote" time="0.0" classname="com.sample.testPackage.LoginReg">
    <ignored/>
  </testcase> <!-- LoginQuote -->
</testsuite> <!-- Auto1firefox -->
