<?xml version="1.0" encoding="UTF-8"?>
<!-- Generated by org.testng.reporters.JUnitXMLReporter -->
<testsuite hostname="pavan_gowda" ignored="2" tests="0" failures="0" timestamp="20 Dec 2020 15:34:10 GMT" time="0.026" errors="0">
  <testcase name="E2E_AutoNBTransaction" time="0.0" classname="com.sample.testPackage.LoginReg">
    <ignored/>
  </testcase> <!-- E2E_AutoNBTransaction -->
  <testcase name="E2E_AutoNBTransaction_Negative" time="0.0" classname="com.sample.testPackage.LoginReg">
    <ignored/>
  </testcase> <!-- E2E_AutoNBTransaction_Negative -->
</testsuite>
